[2025-11-25 13:42:53,259: INFO: common: yaml file: config\config.yaml loaded successfully]
[2025-11-25 13:42:53,287: INFO: common: yaml file: params.yaml loaded successfully]
[2025-11-25 13:45:54,113: INFO: common: yaml file: config\config.yaml loaded successfully]
[2025-11-25 13:45:54,134: INFO: common: yaml file: params.yaml loaded successfully]
[2025-11-25 13:45:54,139: INFO: common: created directory at: artifacts]
[2025-11-25 13:45:54,142: INFO: common: created directory at: artifacts/data_ingestion]
[2025-11-25 13:45:54,146: INFO: 986331348: Downloading data from https://drive.google.com/file/d/1hU1mKiPk-X3AvuSbVJXvgs7rcuKXgL4x/view?usp=sharing into file artifacts/data_ingestion/data.zip]
[2025-11-25 13:48:47,874: INFO: 986331348: Downloaded data from https://drive.google.com/file/d/1hU1mKiPk-X3AvuSbVJXvgs7rcuKXgL4x/view?usp=sharing into file artifacts/data_ingestion/data.zip]
[2025-11-27 13:11:00,300: INFO: main: >>>>>> stage Data Ingestion stage started <<<<<<]
[2025-11-27 13:11:00,300: INFO: common: yaml file: config\config.yaml loaded successfully]
[2025-11-27 13:11:00,327: INFO: common: yaml file: params.yaml loaded successfully]
[2025-11-27 13:11:00,330: INFO: common: created directory at: artifacts]
[2025-11-27 13:11:00,330: INFO: common: created directory at: artifacts/data_ingestion]
[2025-11-27 13:11:00,334: INFO: data_ingestion: Downloading data from https://drive.google.com/file/d/1hU1mKiPk-X3AvuSbVJXvgs7rcuKXgL4x/view?usp=sharing into file artifacts/data_ingestion/data.zip]
[2025-11-27 13:15:04,043: INFO: data_ingestion: Downloaded data from https://drive.google.com/file/d/1hU1mKiPk-X3AvuSbVJXvgs7rcuKXgL4x/view?usp=sharing into file artifacts/data_ingestion/data.zip]
[2025-11-27 13:15:08,506: INFO: main: >>>>>> stage Data Ingestion stage completed <<<<<<

x==========x]
[2025-11-27 13:15:08,506: INFO: main: *******************]
[2025-11-27 13:15:08,506: INFO: main: >>>>>> stage Prepare base model started <<<<<<]
[2025-11-27 13:15:08,506: INFO: common: yaml file: config\config.yaml loaded successfully]
[2025-11-27 13:15:08,506: INFO: common: yaml file: params.yaml loaded successfully]
[2025-11-27 13:15:08,506: INFO: common: created directory at: artifacts]
[2025-11-27 13:15:08,520: INFO: common: created directory at: artifacts/prepare_base_model]
[2025-11-27 13:16:00,650: WARNING: saving_utils: Compiled the loaded model, but the compiled metrics have yet to be built. `model.compile_metrics` will be empty until you train or evaluate the model.]
[2025-11-27 13:16:00,939: INFO: main: >>>>>> stage Prepare base model completed <<<<<<

x==========x]
[2025-11-27 13:16:00,940: INFO: main: *******************]
[2025-11-27 13:16:00,940: INFO: main: >>>>>> stage Training started <<<<<<]
[2025-11-27 13:16:00,943: INFO: common: yaml file: config\config.yaml loaded successfully]
[2025-11-27 13:16:00,946: INFO: common: yaml file: params.yaml loaded successfully]
[2025-11-27 13:16:00,948: INFO: common: created directory at: artifacts]
[2025-11-27 13:16:00,950: INFO: common: created directory at: artifacts\training]
[2025-11-27 13:25:49,886: INFO: main: >>>>>> stage Training completed <<<<<<

x==========x]
